<?xml version="1.0" encoding="UTF-8"?>
<!-- Generated by org.testng.reporters.JUnitReportReporter -->
<testsuite hostname="LAPTOP-ML2SKBKT" failures="0" tests="1" name="pojo.SerializeTest" time="7.489" errors="0" timestamp="2022-07-04T17:54:58 IST" skipped="0">
  <testcase classname="pojo.SerializeTest" name="addApi" time="7.489"/>
  <system-out/>
</testsuite> <!-- pojo.SerializeTest -->
