<?xml version="1.0" encoding="UTF-8"?>
<!-- Generated by org.testng.reporters.JUnitReportReporter -->
<testsuite hostname="LAPTOP-ML2SKBKT" failures="0" tests="1" name="restAssuredTests.OauthDemo" time="8.648" errors="0" timestamp="2022-07-03T08:10:26 IST" skipped="0">
  <testcase classname="restAssuredTests.OauthDemo" name="oauthTest" time="8.648"/>
  <system-out/>
</testsuite> <!-- restAssuredTests.OauthDemo -->
