<?xml version="1.0" encoding="UTF-8"?>
<!-- Generated by org.testng.reporters.JUnitReportReporter -->
<testsuite hostname="LAPTOP-ML2SKBKT" failures="0" tests="1" name="pojo.OauthDemo" time="16.453" errors="0" timestamp="2022-07-03T13:26:04 IST" skipped="0">
  <testcase classname="pojo.OauthDemo" name="oauthTest" time="16.453"/>
  <system-out/>
</testsuite> <!-- pojo.OauthDemo -->
