<?xml version="1.0" encoding="UTF-8"?>
<!-- Generated by org.testng.reporters.JUnitReportReporter -->
<testsuite hostname="LAPTOP-ML2SKBKT" failures="0" tests="1" name="restAssuredTests.SpecBuilderTest" time="5.129" errors="0" timestamp="2022-07-05T18:09:14 IST" skipped="0">
  <testcase classname="restAssuredTests.SpecBuilderTest" name="addApi" time="5.129"/>
  <system-out/>
</testsuite> <!-- restAssuredTests.SpecBuilderTest -->
