<?xml version="1.0" encoding="UTF-8"?>
<!-- Generated by org.testng.reporters.JUnitReportReporter -->
<testsuite hostname="LAPTOP-ML2SKBKT" failures="0" tests="1" name="restAssuredTests.PostRequestDemo" time="5.472" errors="0" timestamp="2022-06-30T12:56:59 IST" skipped="0">
  <testcase classname="restAssuredTests.PostRequestDemo" name="postRequest" time="5.472"/>
  <system-out/>
</testsuite> <!-- restAssuredTests.PostRequestDemo -->
